af30344b-1787-444f-8198-10c0c1d2277b pronoun I
9c9e64e5-9fac-4ee2-8ad9-d3bb98d53c16 pronoun we
0d4f077b-241e-4a56-916b-bb84772d08dc pronoun you
79fb3f0d-fc7d-4354-8ec3-415c22722c8e pronoun thou
e99dcdc7-1016-4c3d-9484-5ff5c0933651 pronoun you_all
5844d990-c06e-4047-b339-de1675f926ea pronoun ye
3f0e925b-4fa6-46ab-8622-e91ff0ab5b7a pronoun he
f6974f4e-9b17-416c-ad7f-3e11fc2fa6ca pronoun she
1a537330-630e-4b41-abe4-7d0185feb9b2 pronoun it
f72cd588-a20e-4194-a060-c408fcc216e0 pronoun they
f4691cb0-fc62-4020-9ae1-bf55d0f17018 pronoun me
2e1258f9-b000-4912-90d4-431974cd1c6c pronoun us
e4d1c55d-187c-4299-9345-61949e12446c pronoun thee
64414900-d62a-4476-9b66-773b9745ff39 pronoun him
48bb3df0-ba52-4ce7-ab0d-ccd395baed09 pronoun her
4fbdfc24-f79a-48d1-abac-198f262f5087 pronoun them
4a169102-5978-4aaa-aabf-e98eba326dd3 pronoun myself
17c79052-d75e-4fb5-be5f-8d8eac8ebc1a pronoun ourselves
a18b5a2e-d836-4957-b1ef-7a6f46761e2b pronoun ourself
ef088385-b6a3-4fe3-8eb2-6603e98f64ba pronoun yourself
18d348ed-fd8d-44d0-9adb-4e35bededd13 pronoun thyself
0db3fb6f-6a45-4ec6-9f95-6e72e2c2ffca pronoun yourselves
f6e37193-f708-444f-ab5a-e50c755df313 pronoun himself
b6f34f8e-2a62-4cd6-a3f8-8baf4bb8ea74 pronoun herself
534e0257-341c-4aa2-b352-a90f2dcdc079 pronoun itself
b6b7f076-706d-45e6-833d-5a487c717864 pronoun oneself
3da9c737-72a1-48cb-92a8-71be55f0d8ff pronoun themself
b031ac3e-98f1-4fee-9a9f-d0babdbbb77d pronoun themselves
ccf2c659-310d-4e8e-a9af-4a57072fe2f8 pronoun mine`
1cd72910-97ed-4f74-b5bb-1db5f07dfb44 pronoun ours
d33f184e-6a2c-4922-bfdf-738ad64c8c0f pronoun yours
c53a7080-389b-45a1-b178-c44bb795223f pronoun thine
5fee91bc-89d8-40ae-9b1a-e951fd385967 pronoun his
b3832980-a253-4fc7-90f9-00d742227338 pronoun hers
8716ec98-157d-43ed-9957-c6f9d647d1e0 pronoun its
a325213f-245b-4c2d-9c67-e58781369251 pronoun theirs
a2d61c3f-a31c-4875-8e78-52dd06130282 pronoun my
2b18a0ce-6ef1-4403-9770-879109786974 pronoun our
cc05be6d-c0c3-4d17-9ca1-406da9fe369e pronoun thy
a70924b5-fa9e-4c89-94bf-7156b28ba1a4 pronoun their
f6d9f267-464d-4ff0-9c68-6c335cde1d9f preposition aboard
c7017abc-3a26-4e7b-a910-5fc08f0aec31 preposition about
1ed9ed7c-4a91-4ca6-9fe0-d84b639be932 preposition above
5b41f3ff-96e2-49e9-a260-6c9d3300fb0b preposition across
49831c75-2544-4feb-9aff-80dfa5286951 preposition after
e710e35d-252c-4735-a092-253f39a616b2 preposition against
20a33a6d-7811-4aaf-a25e-3db463704028 preposition along
8dce905c-c6ee-4ceb-8bcf-09aa7b5f68c8 preposition alongside
b19bc8cd-8854-41a6-9d05-6220aa8fa524 preposition amid
98abc091-7961-4750-af77-728dddc7e8ba preposition amidst
0e018b35-fa33-489e-8f65-b3c4b08734d4 preposition among
97709d9e-8346-4252-96a9-bfe51288e619 preposition amongst
ecd0fe9c-6ea0-4b71-bc16-90619dacbe37 preposition around
3c45efeb-ffdc-4d9d-abfd-96a914ee2b13 preposition as
d460c594-02d4-466b-8ae4-34cbddbf001c preposition aside
75efe55f-91fd-4795-96e0-4b0fc46cf68a preposition astride
fe3ad18e-11ca-446e-97b4-42e572b2246c preposition at
090bbb17-fdb2-4063-b537-21fbf4b2e75e preposition athwart
9862b3aa-1b3d-478c-aa90-717218d182d4 preposition atop
d5f2692a-19bd-499f-bee5-b99cec8a4d60 preposition barring
beaa11c0-1c81-4b26-8bdd-f02ad82748fd preposition before
2e9dd391-15cb-4add-b0e2-a5a7d8f6e1e0 preposition behind
2f459263-2737-43a1-9c0e-8115cdf31171 preposition below
fef02ebb-b49b-4a06-bf1c-87d1d7335942 preposition beneath
eed7b542-e40a-4e10-bb72-adc3a5396b7c preposition beside
6e2b8ebc-36db-40f0-8294-bc756f499db8 preposition besides
c7134cdb-df73-461e-aba2-dad6788b6bd3 preposition between
6499cf2a-34b0-4c9c-ae54-b5a5a0f2f9e7 preposition beyond
73f0619f-8c58-4a22-9257-225ac95150c7 preposition by
b6af66eb-0844-4ada-b1fe-cabf26d97d95 preposition circa
1dfa4075-b1ec-4315-a227-0e34a1d2feaf preposition concerning
cec0bd12-e7e6-48d5-925f-c8f57d7af049 preposition despite
71e33790-7180-486b-9af5-965a2be366d4 preposition down
f50609f9-1cc1-48db-ab83-d4e127a2fc60 preposition during
72860493-aa42-4e29-8856-2ea0261085c5 preposition except
529b9689-86c6-43f7-99a7-c412e92c03ea preposition failing
af5c644d-d943-4757-ac44-5dc0f7049f0a preposition following
d93c7d41-a92b-448c-89fd-70bd7dc73aa5 preposition for
681fac56-ec14-4150-891c-1f807d340e5f preposition from
5357a462-bfab-42dc-be33-ad9925b1f9f8 preposition given
e4b17f98-0a7b-4fc4-aef9-00666b783fc1 preposition in
2b129ef6-0a4e-478f-bf5f-e8a7d9c79a53 preposition inside
a724884b-f4e3-4336-9ef4-c669d37c9574 preposition into
37eb0501-4ea2-46b9-b55e-c86794700e22 preposition like
c95d8277-e3f1-441f-b11a-301572c2b487 preposition mid
b9d0fe98-6cf0-4067-9841-e4d310517c64 preposition minus
2fbbdae9-bd41-4e1d-aa7a-4e2b4ea1e762 preposition near
0e48c788-d199-4a6a-b7b7-6ae30a6a75b2 preposition next
2b80537e-56fb-4100-871b-0bbfd34ab1ca preposition notwithstanding
901f903f-ab24-4e5d-8fd1-377cdc8b6069 preposition of
0a75fe42-a156-4d60-b961-d2ac82b01d7d preposition off
0d23f6ef-7f57-43c7-b3aa-1d6ec1dafdaa preposition on
62e06950-6236-4ab1-b67d-4890c1fcd7a0 preposition onto
37ad68c5-ba6b-4271-9c62-f9bbfcbad9ef preposition opposite
36abbcef-888a-4dd4-869d-8fbef7206dd2 preposition out
3fbc6099-4898-4f31-ac75-d9432bbcde73 preposition outside
afafac2c-3f28-4da0-b85c-28e3bc668ea4 preposition over
845f6289-3a67-4ec3-a0a8-b5059f2b2339 preposition pace
3421293b-6faf-4921-bf7f-bf31ae3ae053 preposition past
06cab115-1720-4d16-8b9b-7839e586d79b preposition per
3a474389-6042-450a-b1c7-22c602c12a4c preposition plus
ba11c23e-a43c-4857-bc38-b421c82e3959 preposition regarding
2f1ef4c4-60ef-45e0-a993-2c95e5c37a80 preposition round
2f226d82-af55-49b9-9d55-e11e2fcacce1 preposition save
9831d8fa-2dff-42c7-8d7f-49005b4f0c69 preposition since
dcf4e4b2-c997-41a4-9f5b-e8b44f873d5e preposition than
bb3d218d-31e5-4ef0-aa1c-7039b60ff8f6 preposition through
cf4d2baa-3746-42de-9005-bac497e3509c preposition throughout
327bb7a7-73e0-46cb-a473-72da5eb4bdd4 preposition till
762c78ce-bdca-4ec2-8ab9-80b343275525 preposition times
206b6030-e291-4dab-83da-8a8fad6230a8 preposition to
d52f636d-c4f2-43ca-a7c4-eeed259bc995 preposition toward
764743b5-36ae-49a5-8b92-8eb81d5164ac preposition towards
8439c195-c524-4c71-a21a-b9c88671333a preposition under
b186fc66-aadc-4c0e-9eff-625729b6febb preposition underneath
135fd6db-7a3d-4fca-b93e-bf2015dbac7e preposition unlike
2c3010bf-90f7-4a9a-93a4-32bf9fd6de88 preposition until
45639697-ca79-4bb3-9391-8a7206f75505 preposition up
43c2965c-4c4b-4bec-a48e-3462ae125042 preposition upon
e637c4ba-6575-473f-b8e4-d94348351b2b preposition versus
2d841e91-38c9-410c-98dd-843bd5532203 preposition via
00f5988a-d5bf-4b4f-adfa-2bc9f0eedf77 preposition with
280a7e5a-f2bb-4088-afa7-7b8081982e61 preposition within
78c1effa-8944-4198-b361-03551642214b preposition without
cbe679ea-68a2-4d1f-9297-39762bf5072d preposition worth
